<?xml version="1.0" encoding="UTF-8"?>
<!-- Generated by org.testng.reporters.JUnitXMLReporter -->
<testsuite hostname="user-PC" ignored="0" name="elementsclick" tests="4" failures="0" timestamp="13 Nov 2019 06:55:56 GMT" time="22.543" errors="0">
  <testcase name="signon" time="3.033" classname="com.pom.ElementsClick"/>
  <testcase name="register" time="1.846" classname="com.pom.ElementsClick"/>
  <testcase name="contact" time="1.516" classname="com.pom.ElementsClick"/>
  <testcase name="support" time="1.193" classname="com.pom.ElementsClick"/>
</testsuite> <!-- elementsclick -->
