<?xml version="1.0" encoding="UTF-8"?>
<!-- Generated by org.testng.reporters.JUnitXMLReporter -->
<testsuite hostname="user-PC" ignored="0" name="softwaretest" tests="5" failures="0" timestamp="13 Nov 2019 06:55:57 GMT" time="23.948" errors="0">
  <testcase name="userName" time="1.992" classname="com.pommercurytest.mercurylogintest"/>
  <testcase name="password" time="0.116" classname="com.pommercurytest.mercurylogintest"/>
  <testcase name="login" time="4.021" classname="com.pommercurytest.mercurylogintest"/>
  <testcase name="register" time="1.161" classname="com.pommercurytest.mercurylogintest"/>
  <testcase name="contact" time="0.828" classname="com.pommercurytest.mercurylogintest"/>
</testsuite> <!-- softwaretest -->
