<?xml version="1.0" encoding="UTF-8"?>
<testng-results skipped="0" failed="0" ignored="0" total="1" passed="1">
  <reporter-output>
  </reporter-output>
  <suite name="Default suite" duration-ms="91" started-at="2019-11-13T14:23:10Z" finished-at="2019-11-13T14:23:10Z">
    <groups>
    </groups>
    <test name="Default test" duration-ms="91" started-at="2019-11-13T14:23:10Z" finished-at="2019-11-13T14:23:10Z">
      <class name="com.log4jtutorial.Log4j">
        <test-method status="PASS" signature="log4j()[pri:0, instance:com.log4jtutorial.Log4j@61832929]" name="log4j" duration-ms="69" started-at="2019-11-13T19:53:10Z" finished-at="2019-11-13T19:53:10Z">
          <reporter-output>
          </reporter-output>
        </test-method> <!-- log4j -->
      </class> <!-- com.log4jtutorial.Log4j -->
    </test> <!-- Default test -->
  </suite> <!-- Default suite -->
</testng-results>
